<?xml version="1.0" encoding="UTF-8"?>
<!-- Generated by org.testng.reporters.JUnitXMLReporter -->
<testsuite ignored="0" hostname="DESKTOP-1TTDB2G" failures="0" tests="3" name="Default test" time="22.005" errors="0" timestamp="2021-10-11T21:39:06 EDT">
  <testcase classname="com.neotech.test.LoginTest" name="emptyPasswordLogin" time="3.258"/>
  <testcase classname="com.neotech.test.LoginTest" name="invalidPasswordLogin" time="4.897"/>
  <testcase classname="com.neotech.test.LoginTest" name="validLogin" time="5.26"/>
</testsuite> <!-- Default test -->
