<?xml version="1.0" encoding="UTF-8"?>
<!-- Generated by org.testng.reporters.JUnitXMLReporter -->
<testsuite ignored="0" hostname="DESKTOP-1TTDB2G" failures="0" tests="3" name="Add Employee" time="23.915" errors="0" timestamp="2021-10-11T01:52:51 EDT">
  <testcase classname="com.neotech.lesson03.Homework_Lesson03" name="addEmployee" time="5.31"/>
  <testcase classname="com.neotech.lesson03.Homework_Lesson03" name="addEmployee" time="5.458"/>
  <testcase classname="com.neotech.lesson03.Homework_Lesson03" name="addEmployee" time="5.173"/>
</testsuite> <!-- Add Employee -->
