<?xml version="1.0" encoding="UTF-8"?>
<!-- Generated by org.testng.reporters.JUnitXMLReporter -->
<testsuite ignored="1" hostname="DESKTOP-1TTDB2G" failures="0" tests="2" name="Test" time="21.642" errors="0" timestamp="2021-10-11T02:09:46 EDT">
  <testcase classname="com.neotech.test.LoginTest" name="emptyPasswordLogin" time="3.269"/>
  <testcase classname="com.neotech.test.LoginTest" name="validLogin" time="5.323"/>
  <testcase classname="com.neotech.test.LoginTest" name="invalidPasswordLogin" time="0.0">
    <ignored/>
  </testcase> <!-- invalidPasswordLogin -->
</testsuite> <!-- Test -->
