<?xml version="1.0" encoding="UTF-8"?>
<!-- Generated by org.testng.reporters.JUnitXMLReporter -->
<testsuite ignored="0" hostname="DESKTOP-1TTDB2G" failures="0" tests="7" name="Test1" time="0.062" errors="0" timestamp="2021-10-03T14:42:20 EDT">
  <testcase classname="com.neotech.lesson01.TestNGDemo" name="testOne" time="0.007"/>
  <testcase classname="com.neotech.lesson01.TestNGDemo" name="testThree" time="0.001"/>
  <testcase classname="com.neotech.lesson01.TestNGDemo" name="testTwo" time="0.0"/>
  <testcase classname="com.neotech.lesson02.PriorityDemo" name="firstTest" time="0.001"/>
  <testcase classname="com.neotech.lesson02.PriorityDemo" name="secondTest" time="0.001"/>
  <testcase classname="com.neotech.lesson02.PriorityDemo" name="thirdTest" time="0.001"/>
  <testcase classname="com.neotech.lesson02.PriorityDemo" name="fourthTest" time="0.001"/>
</testsuite> <!-- Test1 -->
